<?xml version="1.0" encoding="UTF-8"?>
<robot generator="Robot 3.0 (Python 3.4.3 on win32)" generated="20170105 16:07:48.709">
<suite name="Test" source="E:\guest\rf_test\test.robot" id="s1">
<test name="testcase" id="s1-t1">
<kw name="Log" library="BuiltIn">
<doc>Logs the given message with the given level.</doc>
<arguments>
<arg>robot framework</arg>
</arguments>
<msg level="INFO" timestamp="20170105 16:07:48.868">robot framework</msg>
<status endtime="20170105 16:07:48.868" status="PASS" starttime="20170105 16:07:48.868"></status>
</kw>
<status endtime="20170105 16:07:48.869" critical="yes" status="PASS" starttime="20170105 16:07:48.868"></status>
</test>
<status endtime="20170105 16:07:48.869" status="PASS" starttime="20170105 16:07:48.713"></status>
</suite>
<statistics>
<total>
<stat pass="1" fail="0">Critical Tests</stat>
<stat pass="1" fail="0">All Tests</stat>
</total>
<tag>
</tag>
<suite>
<stat name="Test" id="s1" pass="1" fail="0">Test</stat>
</suite>
</statistics>
<errors>
</errors>
</robot>
